android/app/build/intermediates/manifest_merge_blame_file/debug/manifest-merger-blame-debug-report.txt
1<?xml version="1.0" encoding="utf-8"?>
2<manifest xmlns:android="http://schemas.android.com/apk/res/android"
3    package="com.rnfirebasev7"
4    android:versionCode="1"
5    android:versionName="1.0" >
6
7    <uses-sdk
8        android:minSdkVersion="16"
9        android:targetSdkVersion="28" />
10
11    <uses-permission android:name="android.permission.SYSTEM_ALERT_WINDOW" />
11-->src\debug\AndroidManifest.xml:5:5-77
11-->src\debug\AndroidManifest.xml:5:22-75
12    <uses-permission android:name="android.permission.INTERNET" />
12-->src\main\AndroidManifest.xml:4:5-67
12-->src\main\AndroidManifest.xml:4:22-64
13    <uses-permission android:name="android.permission.VIBRATE" />
13-->src\main\AndroidManifest.xml:5:5-66
13-->src\main\AndroidManifest.xml:5:22-63
14    <uses-permission android:name="android.permission.RECEIVE_BOOT_COMPLETED" />
14-->src\main\AndroidManifest.xml:6:5-80
14-->src\main\AndroidManifest.xml:6:22-78
15    <uses-permission android:name="android.permission.ACCESS_WIFI_STATE" />
15-->[com.facebook.flipper:flipper:0.33.1] AndroidManifest.xml:16:5-76
15-->[com.facebook.flipper:flipper:0.33.1] AndroidManifest.xml:16:22-73
16    <uses-permission android:name="android.permission.WAKE_LOCK" />
16-->[:@react-native-firebase_messaging] AndroidManifest.xml:12:5-68
16-->[:@react-native-firebase_messaging] AndroidManifest.xml:12:22-65
17    <uses-permission android:name="android.permission.ACCESS_NETWORK_STATE" /> <!-- Required by older versions of Google Play services to create IID tokens -->
17-->[:@react-native-firebase_messaging] AndroidManifest.xml:13:5-79
17-->[:@react-native-firebase_messaging] AndroidManifest.xml:13:22-76
18    <uses-permission android:name="com.google.android.c2dm.permission.RECEIVE" /> <!-- for android -->
18-->[com.google.firebase:firebase-iid:20.3.0] AndroidManifest.xml:26:5-82
18-->[com.google.firebase:firebase-iid:20.3.0] AndroidManifest.xml:26:22-79
19    <!-- <uses-permission android:name="com.android.launcher.permission.READ_SETTINGS"/> -->
20    <!-- <uses-permission android:name="com.android.launcher.permission.WRITE_SETTINGS"/> -->
21    <!-- <uses-permission android:name="com.android.launcher.permission.INSTALL_SHORTCUT" /> -->
22    <!-- <uses-permission android:name="com.android.launcher.permission.UNINSTALL_SHORTCUT" /> -->
23    <!-- for Samsung -->
24    <uses-permission android:name="com.sec.android.provider.badge.permission.READ" />
24-->[me.leolin:ShortcutBadger:1.1.22] AndroidManifest.xml:19:5-86
24-->[me.leolin:ShortcutBadger:1.1.22] AndroidManifest.xml:19:22-83
25    <uses-permission android:name="com.sec.android.provider.badge.permission.WRITE" /> <!-- for htc -->
25-->[me.leolin:ShortcutBadger:1.1.22] AndroidManifest.xml:20:5-87
25-->[me.leolin:ShortcutBadger:1.1.22] AndroidManifest.xml:20:22-84
26    <uses-permission android:name="com.htc.launcher.permission.READ_SETTINGS" />
26-->[me.leolin:ShortcutBadger:1.1.22] AndroidManifest.xml:23:5-81
26-->[me.leolin:ShortcutBadger:1.1.22] AndroidManifest.xml:23:22-78
27    <uses-permission android:name="com.htc.launcher.permission.UPDATE_SHORTCUT" /> <!-- for sony -->
27-->[me.leolin:ShortcutBadger:1.1.22] AndroidManifest.xml:24:5-83
27-->[me.leolin:ShortcutBadger:1.1.22] AndroidManifest.xml:24:22-80
28    <uses-permission android:name="com.sonyericsson.home.permission.BROADCAST_BADGE" />
28-->[me.leolin:ShortcutBadger:1.1.22] AndroidManifest.xml:27:5-88
28-->[me.leolin:ShortcutBadger:1.1.22] AndroidManifest.xml:27:22-85
29    <uses-permission android:name="com.sonymobile.home.permission.PROVIDER_INSERT_BADGE" /> <!-- for apex -->
29-->[me.leolin:ShortcutBadger:1.1.22] AndroidManifest.xml:28:5-92
29-->[me.leolin:ShortcutBadger:1.1.22] AndroidManifest.xml:28:22-89
30    <uses-permission android:name="com.anddoes.launcher.permission.UPDATE_COUNT" /> <!-- for solid -->
30-->[me.leolin:ShortcutBadger:1.1.22] AndroidManifest.xml:31:5-84
30-->[me.leolin:ShortcutBadger:1.1.22] AndroidManifest.xml:31:22-81
31    <uses-permission android:name="com.majeur.launcher.permission.UPDATE_BADGE" /> <!-- for huawei -->
31-->[me.leolin:ShortcutBadger:1.1.22] AndroidManifest.xml:34:5-83
31-->[me.leolin:ShortcutBadger:1.1.22] AndroidManifest.xml:34:22-80
32    <uses-permission android:name="com.huawei.android.launcher.permission.CHANGE_BADGE" />
32-->[me.leolin:ShortcutBadger:1.1.22] AndroidManifest.xml:37:5-91
32-->[me.leolin:ShortcutBadger:1.1.22] AndroidManifest.xml:37:22-88
33    <uses-permission android:name="com.huawei.android.launcher.permission.READ_SETTINGS" />
33-->[me.leolin:ShortcutBadger:1.1.22] AndroidManifest.xml:38:5-92
33-->[me.leolin:ShortcutBadger:1.1.22] AndroidManifest.xml:38:22-89
34    <uses-permission android:name="com.huawei.android.launcher.permission.WRITE_SETTINGS" /> <!-- for ZUK -->
34-->[me.leolin:ShortcutBadger:1.1.22] AndroidManifest.xml:39:5-93
34-->[me.leolin:ShortcutBadger:1.1.22] AndroidManifest.xml:39:22-90
35    <uses-permission android:name="android.permission.READ_APP_BADGE" /> <!-- for OPPO -->
35-->[me.leolin:ShortcutBadger:1.1.22] AndroidManifest.xml:42:5-73
35-->[me.leolin:ShortcutBadger:1.1.22] AndroidManifest.xml:42:22-70
36    <uses-permission android:name="com.oppo.launcher.permission.READ_SETTINGS" />
36-->[me.leolin:ShortcutBadger:1.1.22] AndroidManifest.xml:45:5-82
36-->[me.leolin:ShortcutBadger:1.1.22] AndroidManifest.xml:45:22-79
37    <uses-permission android:name="com.oppo.launcher.permission.WRITE_SETTINGS" /> <!-- for EvMe -->
37-->[me.leolin:ShortcutBadger:1.1.22] AndroidManifest.xml:46:5-83
37-->[me.leolin:ShortcutBadger:1.1.22] AndroidManifest.xml:46:22-80
38    <uses-permission android:name="me.everything.badger.permission.BADGE_COUNT_READ" />
38-->[me.leolin:ShortcutBadger:1.1.22] AndroidManifest.xml:49:5-88
38-->[me.leolin:ShortcutBadger:1.1.22] AndroidManifest.xml:49:22-85
39    <uses-permission android:name="me.everything.badger.permission.BADGE_COUNT_WRITE" />
39-->[me.leolin:ShortcutBadger:1.1.22] AndroidManifest.xml:50:5-89
39-->[me.leolin:ShortcutBadger:1.1.22] AndroidManifest.xml:50:22-86
40    <uses-permission android:name="com.google.android.finsky.permission.BIND_GET_INSTALL_REFERRER_SERVICE" />
40-->[com.google.android.gms:play-services-measurement:17.6.0] AndroidManifest.xml:26:5-110
40-->[com.google.android.gms:play-services-measurement:17.6.0] AndroidManifest.xml:26:22-107
41
42    <application
42-->src\main\AndroidManifest.xml:8:5-54:19
43        android:name="com.rnfirebasev7.MainApplication"
43-->src\main\AndroidManifest.xml:9:7-38
44        android:allowBackup="false"
44-->src\main\AndroidManifest.xml:13:7-34
45        android:appComponentFactory="androidx.core.app.CoreComponentFactory"
45-->[androidx.core:core:1.2.0] AndroidManifest.xml:24:18-86
46        android:debuggable="true"
47        android:icon="@mipmap/ic_launcher"
47-->src\main\AndroidManifest.xml:11:7-41
48        android:label="@string/app_name"
48-->src\main\AndroidManifest.xml:10:7-39
49        android:roundIcon="@mipmap/ic_launcher_round"
49-->src\main\AndroidManifest.xml:12:7-52
50        android:testOnly="true"
51        android:theme="@style/AppTheme"
51-->src\main\AndroidManifest.xml:14:7-38
52        android:usesCleartextTraffic="true" > <!-- Change the value to true to enable pop-up for in foreground (remote-only, for local use ignoreInForeground) -->
52-->src\debug\AndroidManifest.xml:7:18-53
53        <meta-data
53-->src\main\AndroidManifest.xml:17:9-18:44
54            android:name="com.dieam.reactnativepushnotification.notification_foreground"
54-->src\main\AndroidManifest.xml:17:21-97
55            android:value="false" /> <!-- Change the resource name to your App's accent color - or any other color you want -->
55-->src\main\AndroidManifest.xml:18:21-42
56        <meta-data
56-->src\main\AndroidManifest.xml:20:9-21:54
57            android:name="com.dieam.reactnativepushnotification.notification_color"
57-->src\main\AndroidManifest.xml:20:21-92
58            android:resource="@color/white" /> <!-- or @android:color/{name} to use a standard color -->
58-->src\main\AndroidManifest.xml:21:21-52
59        <receiver android:name="com.dieam.reactnativepushnotification.modules.RNPushNotificationActions" />
59-->src\main\AndroidManifest.xml:23:9-108
59-->src\main\AndroidManifest.xml:23:19-105
60        <receiver android:name="com.dieam.reactnativepushnotification.modules.RNPushNotificationPublisher" />
60-->src\main\AndroidManifest.xml:24:9-110
60-->src\main\AndroidManifest.xml:24:19-107
61        <receiver android:name="com.dieam.reactnativepushnotification.modules.RNPushNotificationBootEventReceiver" >
61-->src\main\AndroidManifest.xml:25:9-31:20
61-->src\main\AndroidManifest.xml:25:19-115
62            <intent-filter>
62-->src\main\AndroidManifest.xml:26:13-30:29
63                <action android:name="android.intent.action.BOOT_COMPLETED" />
63-->src\main\AndroidManifest.xml:27:17-79
63-->src\main\AndroidManifest.xml:27:25-76
64                <action android:name="android.intent.action.QUICKBOOT_POWERON" />
64-->src\main\AndroidManifest.xml:28:17-82
64-->src\main\AndroidManifest.xml:28:25-79
65                <action android:name="com.htc.intent.action.QUICKBOOT_POWERON" />
65-->src\main\AndroidManifest.xml:29:17-81
65-->src\main\AndroidManifest.xml:29:25-79
66            </intent-filter>
67        </receiver>
68
69        <service
69-->src\main\AndroidManifest.xml:33:9-39:19
70            android:name="com.dieam.reactnativepushnotification.modules.RNPushNotificationListenerService"
70-->src\main\AndroidManifest.xml:34:13-107
71            android:exported="false" >
71-->src\main\AndroidManifest.xml:35:13-37
72            <intent-filter>
72-->src\main\AndroidManifest.xml:36:13-38:29
73                <action android:name="com.google.firebase.MESSAGING_EVENT" />
73-->src\main\AndroidManifest.xml:37:17-78
73-->src\main\AndroidManifest.xml:37:25-75
74            </intent-filter>
75        </service> <!-- ... -->
76        <activity
76-->src\main\AndroidManifest.xml:42:7-52:18
77            android:name="com.rnfirebasev7.MainActivity"
77-->src\main\AndroidManifest.xml:43:9-37
78            android:configChanges="keyboard|keyboardHidden|orientation|screenSize|uiMode"
78-->src\main\AndroidManifest.xml:45:9-86
79            android:label="@string/app_name"
79-->src\main\AndroidManifest.xml:44:9-41
80            android:launchMode="singleTask"
80-->src\main\AndroidManifest.xml:46:9-40
81            android:windowSoftInputMode="adjustResize" >
81-->src\main\AndroidManifest.xml:47:9-51
82            <intent-filter>
82-->src\main\AndroidManifest.xml:48:9-51:25
83                <action android:name="android.intent.action.MAIN" />
83-->src\main\AndroidManifest.xml:49:13-65
83-->src\main\AndroidManifest.xml:49:21-62
84
85                <category android:name="android.intent.category.LAUNCHER" />
85-->src\main\AndroidManifest.xml:50:13-73
85-->src\main\AndroidManifest.xml:50:23-70
86            </intent-filter>
87        </activity>
88        <activity android:name="com.facebook.react.devsupport.DevSettingsActivity" />
88-->src\main\AndroidManifest.xml:53:7-84
88-->src\main\AndroidManifest.xml:53:17-81
89
90        <service android:name="io.invertase.firebase.messaging.ReactNativeFirebaseMessagingHeadlessService" />
90-->[:@react-native-firebase_messaging] AndroidManifest.xml:16:9-111
90-->[:@react-native-firebase_messaging] AndroidManifest.xml:16:18-108
91        <service
91-->[:@react-native-firebase_messaging] AndroidManifest.xml:17:9-23:19
92            android:name="io.invertase.firebase.messaging.ReactNativeFirebaseMessagingService"
92-->[:@react-native-firebase_messaging] AndroidManifest.xml:18:13-95
93            android:exported="false" >
93-->[:@react-native-firebase_messaging] AndroidManifest.xml:19:13-37
94            <intent-filter>
94-->src\main\AndroidManifest.xml:36:13-38:29
95                <action android:name="com.google.firebase.MESSAGING_EVENT" />
95-->src\main\AndroidManifest.xml:37:17-78
95-->src\main\AndroidManifest.xml:37:25-75
96            </intent-filter>
97        </service>
98
99        <receiver
99-->[:@react-native-firebase_messaging] AndroidManifest.xml:25:9-32:20
100            android:name="io.invertase.firebase.messaging.ReactNativeFirebaseMessagingReceiver"
100-->[:@react-native-firebase_messaging] AndroidManifest.xml:26:13-96
101            android:exported="true"
101-->[:@react-native-firebase_messaging] AndroidManifest.xml:27:13-36
102            android:permission="com.google.android.c2dm.permission.SEND" >
102-->[:@react-native-firebase_messaging] AndroidManifest.xml:28:13-73
103            <intent-filter>
103-->[:@react-native-firebase_messaging] AndroidManifest.xml:29:13-31:29
104                <action android:name="com.google.android.c2dm.intent.RECEIVE" />
104-->[:@react-native-firebase_messaging] AndroidManifest.xml:30:17-81
104-->[:@react-native-firebase_messaging] AndroidManifest.xml:30:25-78
105            </intent-filter>
106        </receiver>
107
108        <meta-data
108-->[:@react-native-firebase_messaging] AndroidManifest.xml:34:9-36:36
109            android:name="firebase_messaging_auto_init_enabled"
109-->[:@react-native-firebase_messaging] AndroidManifest.xml:35:13-64
110            android:value="true" />
110-->[:@react-native-firebase_messaging] AndroidManifest.xml:36:13-33
111        <meta-data
111-->[:@react-native-firebase_messaging] AndroidManifest.xml:37:9-39:32
112            android:name="com.google.firebase.messaging.default_notification_channel_id"
112-->[:@react-native-firebase_messaging] AndroidManifest.xml:38:13-89
113            android:value="" />
113-->[:@react-native-firebase_messaging] AndroidManifest.xml:39:13-29
114        <meta-data
114-->[:@react-native-firebase_messaging] AndroidManifest.xml:40:9-42:47
115            android:name="com.google.firebase.messaging.default_notification_color"
115-->[:@react-native-firebase_messaging] AndroidManifest.xml:41:13-84
116            android:resource="@color/white" />
116-->[:@react-native-firebase_messaging] AndroidManifest.xml:42:13-44
117
118        <activity
118-->[com.google.android.gms:play-services-appinvite:17.0.0] AndroidManifest.xml:25:9-34:20
119            android:name="com.google.android.gms.appinvite.PreviewActivity"
119-->[com.google.android.gms:play-services-appinvite:17.0.0] AndroidManifest.xml:26:13-76
120            android:exported="true"
120-->[com.google.android.gms:play-services-appinvite:17.0.0] AndroidManifest.xml:27:13-36
121            android:theme="@style/Theme.AppInvite.Preview" >
121-->[com.google.android.gms:play-services-appinvite:17.0.0] AndroidManifest.xml:28:13-59
122            <intent-filter>
122-->[com.google.android.gms:play-services-appinvite:17.0.0] AndroidManifest.xml:29:13-33:29
123                <action android:name="com.google.android.gms.appinvite.ACTION_PREVIEW" />
123-->[com.google.android.gms:play-services-appinvite:17.0.0] AndroidManifest.xml:30:17-90
123-->[com.google.android.gms:play-services-appinvite:17.0.0] AndroidManifest.xml:30:25-87
124
125                <category android:name="android.intent.category.DEFAULT" />
125-->[com.google.android.gms:play-services-appinvite:17.0.0] AndroidManifest.xml:32:17-76
125-->[com.google.android.gms:play-services-appinvite:17.0.0] AndroidManifest.xml:32:27-73
126            </intent-filter>
127        </activity>
128
129        <service
129-->[com.google.firebase:firebase-dynamic-links:19.1.1] AndroidManifest.xml:8:9-14:19
130            android:name="com.google.firebase.components.ComponentDiscoveryService"
130-->[com.google.firebase:firebase-dynamic-links:19.1.1] AndroidManifest.xml:9:13-84
131            android:directBootAware="true"
131-->[com.google.firebase:firebase-common:19.3.0] AndroidManifest.xml:34:13-43
132            android:exported="false" >
132-->[com.google.firebase:firebase-dynamic-links:19.1.1] AndroidManifest.xml:10:13-37
133            <meta-data
133-->[com.google.firebase:firebase-dynamic-links:19.1.1] AndroidManifest.xml:11:13-13:85
134                android:name="com.google.firebase.components:com.google.firebase.dynamiclinks.internal.FirebaseDynamicLinkRegistrar"
134-->[com.google.firebase:firebase-dynamic-links:19.1.1] AndroidManifest.xml:12:17-133
135                android:value="com.google.firebase.components.ComponentRegistrar" />
135-->[com.google.firebase:firebase-dynamic-links:19.1.1] AndroidManifest.xml:13:17-82
136            <meta-data
136-->[com.google.firebase:firebase-messaging:20.3.0] AndroidManifest.xml:39:13-41:85
137                android:name="com.google.firebase.components:com.google.firebase.messaging.FirebaseMessagingRegistrar"
137-->[com.google.firebase:firebase-messaging:20.3.0] AndroidManifest.xml:40:17-119
138                android:value="com.google.firebase.components.ComponentRegistrar" />
138-->[com.google.firebase:firebase-messaging:20.3.0] AndroidManifest.xml:41:17-82
139            <meta-data
139-->[com.google.firebase:firebase-iid:20.3.0] AndroidManifest.xml:32:13-34:85
140                android:name="com.google.firebase.components:com.google.firebase.iid.Registrar"
140-->[com.google.firebase:firebase-iid:20.3.0] AndroidManifest.xml:33:17-96
141                android:value="com.google.firebase.components.ComponentRegistrar" />
141-->[com.google.firebase:firebase-iid:20.3.0] AndroidManifest.xml:34:17-82
142            <meta-data
142-->[com.google.firebase:firebase-config:19.2.0] AndroidManifest.xml:32:13-34:85
143                android:name="com.google.firebase.components:com.google.firebase.remoteconfig.RemoteConfigRegistrar"
143-->[com.google.firebase:firebase-config:19.2.0] AndroidManifest.xml:33:17-117
144                android:value="com.google.firebase.components.ComponentRegistrar" />
144-->[com.google.firebase:firebase-config:19.2.0] AndroidManifest.xml:34:17-82
145            <meta-data
145-->[com.google.firebase:firebase-abt:19.1.0] AndroidManifest.xml:13:13-15:85
146                android:name="com.google.firebase.components:com.google.firebase.abt.component.AbtRegistrar"
146-->[com.google.firebase:firebase-abt:19.1.0] AndroidManifest.xml:14:17-109
147                android:value="com.google.firebase.components.ComponentRegistrar" />
147-->[com.google.firebase:firebase-abt:19.1.0] AndroidManifest.xml:15:17-82
148            <meta-data
148-->[com.google.android.gms:play-services-measurement-api:17.6.0] AndroidManifest.xml:30:13-32:85
149                android:name="com.google.firebase.components:com.google.firebase.analytics.connector.internal.AnalyticsConnectorRegistrar"
149-->[com.google.android.gms:play-services-measurement-api:17.6.0] AndroidManifest.xml:31:17-139
150                android:value="com.google.firebase.components.ComponentRegistrar" />
150-->[com.google.android.gms:play-services-measurement-api:17.6.0] AndroidManifest.xml:32:17-82
151            <meta-data
151-->[com.google.firebase:firebase-installations:16.3.3] AndroidManifest.xml:17:13-19:85
152                android:name="com.google.firebase.components:com.google.firebase.installations.FirebaseInstallationsRegistrar"
152-->[com.google.firebase:firebase-installations:16.3.3] AndroidManifest.xml:18:17-127
153                android:value="com.google.firebase.components.ComponentRegistrar" />
153-->[com.google.firebase:firebase-installations:16.3.3] AndroidManifest.xml:19:17-82
154            <meta-data
154-->[com.google.firebase:firebase-datatransport:17.0.3] AndroidManifest.xml:28:13-30:85
155                android:name="com.google.firebase.components:com.google.firebase.datatransport.TransportRegistrar"
155-->[com.google.firebase:firebase-datatransport:17.0.3] AndroidManifest.xml:29:17-115
156                android:value="com.google.firebase.components.ComponentRegistrar" />
156-->[com.google.firebase:firebase-datatransport:17.0.3] AndroidManifest.xml:30:17-82
157        </service>
158        <!--
159             FirebaseMessagingService performs security checks at runtime,
160             but set to not exported to explicitly avoid allowing another app to call it.
161        -->
162        <service
162-->[com.google.firebase:firebase-messaging:20.3.0] AndroidManifest.xml:28:9-35:19
163            android:name="com.google.firebase.messaging.FirebaseMessagingService"
163-->[com.google.firebase:firebase-messaging:20.3.0] AndroidManifest.xml:29:13-82
164            android:directBootAware="true"
164-->[com.google.firebase:firebase-messaging:20.3.0] AndroidManifest.xml:30:13-43
165            android:exported="false" >
165-->[com.google.firebase:firebase-messaging:20.3.0] AndroidManifest.xml:31:13-37
166            <intent-filter android:priority="-500" >
166-->src\main\AndroidManifest.xml:36:13-38:29
167                <action android:name="com.google.firebase.MESSAGING_EVENT" />
167-->src\main\AndroidManifest.xml:37:17-78
167-->src\main\AndroidManifest.xml:37:25-75
168            </intent-filter>
169        </service>
170
171        <receiver
171-->[com.google.firebase:firebase-iid:20.3.0] AndroidManifest.xml:37:9-44:20
172            android:name="com.google.firebase.iid.FirebaseInstanceIdReceiver"
172-->[com.google.firebase:firebase-iid:20.3.0] AndroidManifest.xml:38:13-78
173            android:exported="true"
173-->[com.google.firebase:firebase-iid:20.3.0] AndroidManifest.xml:39:13-36
174            android:permission="com.google.android.c2dm.permission.SEND" >
174-->[com.google.firebase:firebase-iid:20.3.0] AndroidManifest.xml:40:13-73
175            <intent-filter>
175-->[:@react-native-firebase_messaging] AndroidManifest.xml:29:13-31:29
176                <action android:name="com.google.android.c2dm.intent.RECEIVE" />
176-->[:@react-native-firebase_messaging] AndroidManifest.xml:30:17-81
176-->[:@react-native-firebase_messaging] AndroidManifest.xml:30:25-78
177            </intent-filter>
178        </receiver>
179
180        <activity
180-->[com.google.android.gms:play-services-base:17.0.0] AndroidManifest.xml:23:9-26:75
181            android:name="com.google.android.gms.common.api.GoogleApiActivity"
181-->[com.google.android.gms:play-services-base:17.0.0] AndroidManifest.xml:24:13-79
182            android:exported="false"
182-->[com.google.android.gms:play-services-base:17.0.0] AndroidManifest.xml:25:13-37
183            android:theme="@android:style/Theme.Translucent.NoTitleBar" />
183-->[com.google.android.gms:play-services-base:17.0.0] AndroidManifest.xml:26:13-72
184
185        <provider
185-->[com.google.firebase:firebase-common:19.3.0] AndroidManifest.xml:26:9-30:39
186            android:name="com.google.firebase.provider.FirebaseInitProvider"
186-->[com.google.firebase:firebase-common:19.3.0] AndroidManifest.xml:27:13-77
187            android:authorities="com.rnfirebasev7.firebaseinitprovider"
187-->[com.google.firebase:firebase-common:19.3.0] AndroidManifest.xml:28:13-72
188            android:exported="false"
188-->[com.google.firebase:firebase-common:19.3.0] AndroidManifest.xml:29:13-37
189            android:initOrder="100" />
189-->[com.google.firebase:firebase-common:19.3.0] AndroidManifest.xml:30:13-36
190
191        <receiver
191-->[com.google.android.gms:play-services-measurement:17.6.0] AndroidManifest.xml:29:9-33:20
192            android:name="com.google.android.gms.measurement.AppMeasurementReceiver"
192-->[com.google.android.gms:play-services-measurement:17.6.0] AndroidManifest.xml:30:13-85
193            android:enabled="true"
193-->[com.google.android.gms:play-services-measurement:17.6.0] AndroidManifest.xml:31:13-35
194            android:exported="false" >
194-->[com.google.android.gms:play-services-measurement:17.6.0] AndroidManifest.xml:32:13-37
195        </receiver>
196
197        <service
197-->[com.google.android.gms:play-services-measurement:17.6.0] AndroidManifest.xml:35:9-38:40
198            android:name="com.google.android.gms.measurement.AppMeasurementService"
198-->[com.google.android.gms:play-services-measurement:17.6.0] AndroidManifest.xml:36:13-84
199            android:enabled="true"
199-->[com.google.android.gms:play-services-measurement:17.6.0] AndroidManifest.xml:37:13-35
200            android:exported="false" />
200-->[com.google.android.gms:play-services-measurement:17.6.0] AndroidManifest.xml:38:13-37
201        <service
201-->[com.google.android.gms:play-services-measurement:17.6.0] AndroidManifest.xml:39:9-43:72
202            android:name="com.google.android.gms.measurement.AppMeasurementJobService"
202-->[com.google.android.gms:play-services-measurement:17.6.0] AndroidManifest.xml:40:13-87
203            android:enabled="true"
203-->[com.google.android.gms:play-services-measurement:17.6.0] AndroidManifest.xml:41:13-35
204            android:exported="false"
204-->[com.google.android.gms:play-services-measurement:17.6.0] AndroidManifest.xml:42:13-37
205            android:permission="android.permission.BIND_JOB_SERVICE" />
205-->[com.google.android.gms:play-services-measurement:17.6.0] AndroidManifest.xml:43:13-69
206
207        <meta-data
207-->[com.google.android.gms:play-services-basement:17.2.1] AndroidManifest.xml:23:9-25:69
208            android:name="com.google.android.gms.version"
208-->[com.google.android.gms:play-services-basement:17.2.1] AndroidManifest.xml:24:13-58
209            android:value="@integer/google_play_services_version" />
209-->[com.google.android.gms:play-services-basement:17.2.1] AndroidManifest.xml:25:13-66
210
211        <service
211-->[com.google.android.datatransport:transport-backend-cct:2.2.0] AndroidManifest.xml:29:9-35:19
212            android:name="com.google.android.datatransport.runtime.backends.TransportBackendDiscovery"
212-->[com.google.android.datatransport:transport-backend-cct:2.2.0] AndroidManifest.xml:30:13-103
213            android:exported="false" >
213-->[com.google.android.datatransport:transport-backend-cct:2.2.0] AndroidManifest.xml:31:13-37
214            <meta-data
214-->[com.google.android.datatransport:transport-backend-cct:2.2.0] AndroidManifest.xml:32:13-34:39
215                android:name="backend:com.google.android.datatransport.cct.CctBackendFactory"
215-->[com.google.android.datatransport:transport-backend-cct:2.2.0] AndroidManifest.xml:33:17-94
216                android:value="cct" />
216-->[com.google.android.datatransport:transport-backend-cct:2.2.0] AndroidManifest.xml:34:17-36
217        </service>
218        <service
218-->[com.google.android.datatransport:transport-runtime:2.2.0] AndroidManifest.xml:26:9-30:19
219            android:name="com.google.android.datatransport.runtime.scheduling.jobscheduling.JobInfoSchedulerService"
219-->[com.google.android.datatransport:transport-runtime:2.2.0] AndroidManifest.xml:27:13-117
220            android:exported="false"
220-->[com.google.android.datatransport:transport-runtime:2.2.0] AndroidManifest.xml:28:13-37
221            android:permission="android.permission.BIND_JOB_SERVICE" >
221-->[com.google.android.datatransport:transport-runtime:2.2.0] AndroidManifest.xml:29:13-69
222        </service>
223
224        <receiver
224-->[com.google.android.datatransport:transport-runtime:2.2.0] AndroidManifest.xml:32:9-34:40
225            android:name="com.google.android.datatransport.runtime.scheduling.jobscheduling.AlarmManagerSchedulerBroadcastReceiver"
225-->[com.google.android.datatransport:transport-runtime:2.2.0] AndroidManifest.xml:33:13-132
226            android:exported="false" />
226-->[com.google.android.datatransport:transport-runtime:2.2.0] AndroidManifest.xml:34:13-37
227    </application>
228
229</manifest>